{
  "RSpec": {
    "coverage": {
      "/Users/orion/Turing/module4/projects/opportunity_at_work/app/helpers/admin/pdfs_helper.rb": [
        1,
        null
      ],
      "/Users/orion/Turing/module4/projects/opportunity_at_work/app/helpers/application_helper.rb": [
        1,
        1,
        4,
        208,
        4,
        null,
        null,
        1,
        4,
        null,
        null
      ],
      "/Users/orion/Turing/module4/projects/opportunity_at_work/app/helpers/youtube_helper.rb": [
        1,
        null,
        null,
        1,
        3,
        3,
        null,
        null
      ],
      "/Users/orion/Turing/module4/projects/opportunity_at_work/app/controllers/admin/pdfs_controller.rb": [
        1,
        1,
        null,
        null,
        1,
        1,
        1,
        1,
        1,
        null,
        0,
        0,
        null,
        null,
        null,
        1,
        1,
        null,
        null
      ],
      "/Users/orion/Turing/module4/projects/opportunity_at_work/app/controllers/application_controller.rb": [
        1,
        1,
        null,
        1,
        11,
        null,
        1,
        null
      ],
      "/Users/orion/Turing/module4/projects/opportunity_at_work/app/controllers/static_pages_controller.rb": [
        1,
        1,
        null,
        null,
        1,
        null,
        null,
        1,
        1,
        null,
        null,
        1,
        1,
        null,
        null
      ],
      "/Users/orion/Turing/module4/projects/opportunity_at_work/app/controllers/admin/tools_resources_controller.rb": [
        1,
        1,
        null,
        null
      ],
      "/Users/orion/Turing/module4/projects/opportunity_at_work/app/controllers/admin/companies_controller.rb": [
        1,
        1,
        9,
        null,
        null,
        1,
        3,
        3,
        null,
        null,
        1,
        2,
        2,
        2,
        2,
        null,
        null
      ],
      "/Users/orion/Turing/module4/projects/opportunity_at_work/app/controllers/companies_controller.rb": [
        1,
        1,
        3,
        null,
        null,
        1,
        3,
        3,
        2,
        2,
        null,
        1,
        1,
        null,
        null,
        null,
        1,
        null,
        1,
        3,
        null,
        null,
        null,
        null,
        null,
        null,
        null,
        null,
        null
      ],
      "/Users/orion/Turing/module4/projects/opportunity_at_work/app/controllers/pdfs_controller.rb": [
        1,
        1,
        1,
        1,
        1,
        null,
        null,
        null
      ],
      "/Users/orion/Turing/module4/projects/opportunity_at_work/app/models/company.rb": [
        1,
        1,
        null,
        1,
        null,
        1,
        1,
        null,
        1,
        null,
        1,
        null,
        92,
        null,
        1,
        76,
        null,
        null,
        1,
        0,
        null,
        null,
        1,
        null
      ],
      "/Users/orion/Turing/module4/projects/opportunity_at_work/app/models/note.rb": [
        1,
        1,
        null
      ],
      "/Users/orion/Turing/module4/projects/opportunity_at_work/app/models/pdf.rb": [
        1,
        1,
        null,
        null,
        null,
        1,
        null,
        null,
        null,
        null,
        1,
        null,
        1,
        1,
        null,
        null,
        1,
        13,
        null,
        null,
        1,
        5,
        null,
        null
      ],
      "/Users/orion/Turing/module4/projects/opportunity_at_work/app/models/user.rb": [
        1,
        1,
        null,
        1,
        null,
        1,
        21,
        null,
        null,
        1,
        11,
        null,
        null
      ],
      "/Users/orion/Turing/module4/projects/opportunity_at_work/app/controllers/sessions_controller.rb": [
        1,
        1,
        12,
        null,
        null,
        1,
        12,
        null,
        12,
        11,
        11,
        11,
        1,
        10,
        10,
        null,
        null,
        1,
        1,
        null,
        null,
        null,
        1,
        null,
        1,
        23,
        null,
        null
      ],
      "/Users/orion/Turing/module4/projects/opportunity_at_work/app/controllers/admin/dashboard_controller.rb": [
        1,
        1,
        null,
        1,
        11,
        null,
        null,
        1,
        null,
        1,
        11,
        0,
        null,
        null,
        null
      ],
      "/Users/orion/Turing/module4/projects/opportunity_at_work/app/models/dashboard_presenter.rb": [
        1,
        1,
        11,
        null,
        null,
        1,
        11,
        null,
        null,
        1,
        11,
        null,
        null,
        1,
        11,
        null,
        null
      ],
      "/Users/orion/Turing/module4/projects/opportunity_at_work/app/controllers/admin/notes_controller.rb": [
        1,
        1,
        1,
        1,
        1,
        null,
        null,
        1,
        null,
        1,
        1,
        null,
        null
      ]
    },
    "timestamp": 1430250344
  }
}
